<html>
<head>
<title>TestNG:  Sanity Test Suite-chrome</title>
<link href="../testng.css" rel="stylesheet" type="text/css" />
<link href="../my-testng.css" rel="stylesheet" type="text/css" />

<style type="text/css">
.log { display: none;} 
.stack-trace { display: none;} 
</style>
<script type="text/javascript">
<!--
function flip(e) {
  current = e.style.display;
  if (current == 'block') {
    e.style.display = 'none';
    return 0;
  }
  else {
    e.style.display = 'block';
    return 1;
  }
}

function toggleBox(szDivId, elem, msg1, msg2)
{
  var res = -1;  if (document.getElementById) {
    res = flip(document.getElementById(szDivId));
  }
  else if (document.all) {
    // this is the way old msie versions work
    res = flip(document.all[szDivId]);
  }
  if(elem) {
    if(res == 0) elem.innerHTML = msg1; else elem.innerHTML = msg2;
  }

}

function toggleAllBoxes() {
  if (document.getElementsByTagName) {
    d = document.getElementsByTagName('div');
    for (i = 0; i < d.length; i++) {
      if (d[i].className == 'log') {
        flip(d[i]);
      }
    }
  }
}

// -->
</script>

</head>
<body>
<h2 align='center'>Sanity Test Suite-chrome</h2><table border='1' align="center">
<tr>
<td>Tests passed/Failed/Skipped:</td><td>3/0/1</td>
</tr><tr>
<td>Started on:</td><td>Thu Jan 21 10:40:11 IST 2021</td>
</tr>
<tr><td>Total time:</td><td>71 seconds (71642 ms)</td>
</tr><tr>
<td>Included groups:</td><td></td>
</tr><tr>
<td>Excluded groups:</td><td></td>
</tr>
</table><p/>
<small><i>(Hover the method name to see the test class name)</i></small><p/>
<table width='100%' border='1' class='invocation-passed'>
<tr><td colspan='4' align='center'><b>PASSED TESTS</b></td></tr>
<tr><td><b>Test method</b></td>
<td width="30%"><b>Exception</b></td>
<td width="10%"><b>Time (seconds)</b></td>
<td><b>Instance</b></td>
</tr>
<tr>
<td title='com.qa.phpTravels.Tests.RegisterPageTest.performnavigateToRegisterPage()'><b>performnavigateToRegisterPage</b><br>Test class: com.qa.phpTravels.Tests.RegisterPageTest</td>
<td></td>
<td>0</td>
<td>com.qa.phpTravels.Tests.RegisterPageTest@281e3708</td></tr>
<tr>
<td title='com.qa.phpTravels.Tests.loginPageTest.verifyTitleTest()'><b>verifyTitleTest</b><br>Test class: com.qa.phpTravels.Tests.loginPageTest</td>
<td></td>
<td>0</td>
<td>com.qa.phpTravels.Tests.loginPageTest@68ceda24</td></tr>
<tr>
<td title='com.qa.phpTravels.Tests.loginPageTest.verifyViewCartBtnTest()'><b>verifyViewCartBtnTest</b><br>Test class: com.qa.phpTravels.Tests.loginPageTest</td>
<td></td>
<td>0</td>
<td>com.qa.phpTravels.Tests.loginPageTest@68ceda24</td></tr>
</table><p>
<table width='100%' border='1' class='invocation-skipped'>
<tr><td colspan='4' align='center'><b>SKIPPED TESTS</b></td></tr>
<tr><td><b>Test method</b></td>
<td width="30%"><b>Exception</b></td>
<td width="10%"><b>Time (seconds)</b></td>
<td><b>Instance</b></td>
</tr>
<tr>
<td title='com.qa.phpTravels.Tests.RegisterPageTest.fillRegistrationDetails()'><b>fillRegistrationDetails</b><br>Test class: com.qa.phpTravels.Tests.RegisterPageTest</td>
<td><div><pre>java.lang.RuntimeException: java.lang.NoClassDefFoundError: org/apache/xmlbeans/XmlOptions
	at org.testng.internal.MethodInvocationHelper.invokeMethodNoCheckedException(MethodInvocationHelper.java:45)
	at org.testng.internal.MethodInvocationHelper.invokeDataProvider(MethodInvocationHelper.java:110)
	at org.testng.internal.Parameters.handleParameters(Parameters.java:436)
	at org.testng.internal.Invoker.handleParameters(Invoker.java:1253)
	at org.testng.internal.Invoker.createParameters(Invoker.java:980)
	at org.testng.internal.Invoker.invokeTestMethods(Invoker.java:1070)
	at org.testng.internal.TestMethodWorker.invokeTestMethods(TestMethodWorker.java:129)
	at org.testng.internal.TestMethodWorker.run(TestMethodWorker.java:112)
	at org.testng.TestRunner.privateRun(TestRunner.java:753)
	at org.testng.TestRunner.run(TestRunner.java:607)
	at org.testng.SuiteRunner.runTest(SuiteRunner.java:368)
	at org.testng.SuiteRunner.runSequentially(SuiteRunner.java:363)
	at org.testng.SuiteRunner.privateRun(SuiteRunner.java:321)
	at org.testng.SuiteRunner.run(SuiteRunner.java:270)
	at org.testng.SuiteRunnerWorker.runSuite(SuiteRunnerWorker.java:52)
	at org.testng.SuiteRunnerWorker.run(SuiteRunnerWorker.java:86)
	at org.testng.TestNG.runSuitesSequentially(TestNG.java:1284)
	at org.testng.TestNG.runSuitesLocally(TestNG.java:1209)
	at org.testng.TestNG.runSuites(TestNG.java:1124)
	at org.testng.TestNG.run(TestNG.java:1096)
	at org.testng.remote.AbstractRemoteTestNG.run(AbstractRemoteTestNG.java:132)
	at org.testng.remote.RemoteTestNG.initAndRun(RemoteTestNG.java:236)
	at org.testng.remote.RemoteTestNG.main(RemoteTestNG.java:81)
Caused by: java.lang.NoClassDefFoundError: org/apache/xmlbeans/XmlOptions
	at org.apache.poi.POIXMLDocumentPart.&lt;clinit&gt;(POIXMLDocumentPart.java:53)
	at org.apache.poi.ss.usermodel.WorkbookFactory.create(WorkbookFactory.java:72)
	at com.qa.phpTravels.util.excelUtil.getTestData(excelUtil.java:18)
	at com.qa.phpTravels.Tests.RegisterPageTest.getRegisterData(RegisterPageTest.java:46)
	at sun.reflect.NativeMethodAccessorImpl.invoke0(Native Method)
	at sun.reflect.NativeMethodAccessorImpl.invoke(NativeMethodAccessorImpl.java:62)
	at sun.reflect.DelegatingMethodAccessorImpl.invoke(DelegatingMethodAccessorImpl.java:43)
	at java.lang.reflect.Method.invoke(Method.java:498)
	at org.testng.internal.MethodInvocationHelper.invokeMethod(MethodInvocationHelper.java:100)
	at org.testng.internal.MethodInvocationHelper.invokeMethod(MethodInvocationHelper.java:51)
	at org.testng.internal.MethodInvocationHelper.invokeMethodNoCheckedException(MethodInvocationHelper.java:41)
	... 22 more
Caused by: java.lang.ClassNotFoundException: org.apache.xmlbeans.XmlOptions
	at java.net.URLClassLoader$1.run(URLClassLoader.java:371)
	at java.net.URLClassLoader$1.run(URLClassLoader.java:363)
	at java.security.AccessController.doPrivileged(Native Method)
	at java.net.URLClassLoader.findClass(URLClassLoader.java:362)
	at java.lang.ClassLoader.loadClass(ClassLoader.java:418)
	at sun.misc.Launcher$AppClassLoader.loadClass(Launcher.java:355)
	at java.lang.ClassLoader.loadClass(ClassLoader.java:351)
	... 33 more
Caused by: java.util.zip.ZipException: invalid LOC header (bad signature)
	at java.util.zip.ZipFile.read(Native Method)
	at java.util.zip.ZipFile.access$1400(ZipFile.java:60)
	at java.util.zip.ZipFile$ZipFileInputStream.read(ZipFile.java:734)
	at java.util.zip.ZipFile$ZipFileInflaterInputStream.fill(ZipFile.java:434)
	at java.util.zip.InflaterInputStream.read(InflaterInputStream.java:158)
	at java.util.jar.Manifest$FastInputStream.fill(Manifest.java:476)
	at java.util.jar.Manifest$FastInputStream.readLine(Manifest.java:410)
	at java.util.jar.Manifest$FastInputStream.readLine(Manifest.java:444)
	at java.util.jar.Attributes.read(Attributes.java:376)
	at java.util.jar.Manifest.read(Manifest.java:234)
	at java.util.jar.Manifest.&lt;init&gt;(Manifest.java:81)
	at java.util.jar.Manifest.&lt;init&gt;(Manifest.java:73)
	at java.util.jar.JarFile.getManifestFromReference(JarFile.java:200)
	at java.util.jar.JarFile.getManifest(JarFile.java:181)
	at sun.misc.URLClassPath$JarLoader$2.getManifest(URLClassPath.java:1012)
	at java.net.URLClassLoader.defineClass(URLClassLoader.java:451)
	at java.net.URLClassLoader.access$100(URLClassLoader.java:74)
	at java.net.URLClassLoader$1.run(URLClassLoader.java:369)
	... 39 more
</pre></div><a href='#' onClick='toggleBox("stack-trace789982400", this, "Click to show all stack frames", "Click to hide stack frames")'>Click to show all stack frames</a>
<div class='stack-trace' id='stack-trace789982400'><pre>java.lang.RuntimeException: java.lang.NoClassDefFoundError: org/apache/xmlbeans/XmlOptions
	at org.testng.internal.MethodInvocationHelper.invokeMethodNoCheckedException(MethodInvocationHelper.java:45)
	at org.testng.internal.MethodInvocationHelper.invokeDataProvider(MethodInvocationHelper.java:110)
	at org.testng.internal.Parameters.handleParameters(Parameters.java:436)
	at org.testng.internal.Invoker.handleParameters(Invoker.java:1253)
	at org.testng.internal.Invoker.createParameters(Invoker.java:980)
	at org.testng.internal.Invoker.invokeTestMethods(Invoker.java:1070)
	at org.testng.internal.TestMethodWorker.invokeTestMethods(TestMethodWorker.java:129)
	at org.testng.internal.TestMethodWorker.run(TestMethodWorker.java:112)
	at org.testng.TestRunner.privateRun(TestRunner.java:753)
	at org.testng.TestRunner.run(TestRunner.java:607)
	at org.testng.SuiteRunner.runTest(SuiteRunner.java:368)
	at org.testng.SuiteRunner.runSequentially(SuiteRunner.java:363)
	at org.testng.SuiteRunner.privateRun(SuiteRunner.java:321)
	at org.testng.SuiteRunner.run(SuiteRunner.java:270)
	at org.testng.SuiteRunnerWorker.runSuite(SuiteRunnerWorker.java:52)
	at org.testng.SuiteRunnerWorker.run(SuiteRunnerWorker.java:86)
	at org.testng.TestNG.runSuitesSequentially(TestNG.java:1284)
	at org.testng.TestNG.runSuitesLocally(TestNG.java:1209)
	at org.testng.TestNG.runSuites(TestNG.java:1124)
	at org.testng.TestNG.run(TestNG.java:1096)
	at org.testng.remote.AbstractRemoteTestNG.run(AbstractRemoteTestNG.java:132)
	at org.testng.remote.RemoteTestNG.initAndRun(RemoteTestNG.java:236)
	at org.testng.remote.RemoteTestNG.main(RemoteTestNG.java:81)
Caused by: java.lang.NoClassDefFoundError: org/apache/xmlbeans/XmlOptions
	at org.apache.poi.POIXMLDocumentPart.&lt;clinit&gt;(POIXMLDocumentPart.java:53)
	at org.apache.poi.ss.usermodel.WorkbookFactory.create(WorkbookFactory.java:72)
	at com.qa.phpTravels.util.excelUtil.getTestData(excelUtil.java:18)
	at com.qa.phpTravels.Tests.RegisterPageTest.getRegisterData(RegisterPageTest.java:46)
	at sun.reflect.NativeMethodAccessorImpl.invoke0(Native Method)
	at sun.reflect.NativeMethodAccessorImpl.invoke(NativeMethodAccessorImpl.java:62)
	at sun.reflect.DelegatingMethodAccessorImpl.invoke(DelegatingMethodAccessorImpl.java:43)
	at java.lang.reflect.Method.invoke(Method.java:498)
	at org.testng.internal.MethodInvocationHelper.invokeMethod(MethodInvocationHelper.java:100)
	at org.testng.internal.MethodInvocationHelper.invokeMethod(MethodInvocationHelper.java:51)
	at org.testng.internal.MethodInvocationHelper.invokeMethodNoCheckedException(MethodInvocationHelper.java:41)
	... 22 more
Caused by: java.lang.ClassNotFoundException: org.apache.xmlbeans.XmlOptions
	at java.net.URLClassLoader$1.run(URLClassLoader.java:371)
	at java.net.URLClassLoader$1.run(URLClassLoader.java:363)
	at java.security.AccessController.doPrivileged(Native Method)
	at java.net.URLClassLoader.findClass(URLClassLoader.java:362)
	at java.lang.ClassLoader.loadClass(ClassLoader.java:418)
	at sun.misc.Launcher$AppClassLoader.loadClass(Launcher.java:355)
	at java.lang.ClassLoader.loadClass(ClassLoader.java:351)
	... 33 more
Caused by: java.util.zip.ZipException: invalid LOC header (bad signature)
	at java.util.zip.ZipFile.read(Native Method)
	at java.util.zip.ZipFile.access$1400(ZipFile.java:60)
	at java.util.zip.ZipFile$ZipFileInputStream.read(ZipFile.java:734)
	at java.util.zip.ZipFile$ZipFileInflaterInputStream.fill(ZipFile.java:434)
	at java.util.zip.InflaterInputStream.read(InflaterInputStream.java:158)
	at java.util.jar.Manifest$FastInputStream.fill(Manifest.java:476)
	at java.util.jar.Manifest$FastInputStream.readLine(Manifest.java:410)
	at java.util.jar.Manifest$FastInputStream.readLine(Manifest.java:444)
	at java.util.jar.Attributes.read(Attributes.java:376)
	at java.util.jar.Manifest.read(Manifest.java:234)
	at java.util.jar.Manifest.&lt;init&gt;(Manifest.java:81)
	at java.util.jar.Manifest.&lt;init&gt;(Manifest.java:73)
	at java.util.jar.JarFile.getManifestFromReference(JarFile.java:200)
	at java.util.jar.JarFile.getManifest(JarFile.java:181)
	at sun.misc.URLClassPath$JarLoader$2.getManifest(URLClassPath.java:1012)
	at java.net.URLClassLoader.defineClass(URLClassLoader.java:451)
	at java.net.URLClassLoader.access$100(URLClassLoader.java:74)
	at java.net.URLClassLoader$1.run(URLClassLoader.java:369)
	... 39 more
</pre></div></td>
<td>0</td>
<td>com.qa.phpTravels.Tests.RegisterPageTest@281e3708</td></tr>
</table><p>
</body>
</html>